<?xml version="1.0" encoding="UTF-8"?>
<testng-results ignored="0" total="3" passed="3" failed="0" skipped="0">
  <reporter-output>
  </reporter-output>
  <suite started-at="2022-03-14T22:42:25 CDT" name="Default suite" finished-at="2022-03-14T22:42:29 CDT" duration-ms="4756">
    <groups>
    </groups>
    <test started-at="2022-03-14T22:42:25 CDT" name="Default test" finished-at="2022-03-14T22:42:29 CDT" duration-ms="4756">
      <class name="JobsApi.jobs_ApiPut">
        <test-method signature="ReadExcelData(java.lang.String,java.lang.String,java.lang.String)[pri:0, instance:JobsApi.jobs_ApiPut@418e7838]" started-at="2022-03-14T22:42:26 CDT" name="ReadExcelData" data-provider="updatedata" finished-at="2022-03-14T22:42:29 CDT" duration-ms="3007" status="PASS">
          <params>
            <param index="0">
              <value>
                <![CDATA[9012.0]]>
              </value>
            </param>
            <param index="1">
              <value>
                <![CDATA[Job Type]]>
              </value>
            </param>
            <param index="2">
              <value>
                <![CDATA[Full Time - Remote]]>
              </value>
            </param>
          </params>
          <reporter-output>
          </reporter-output>
        </test-method> <!-- ReadExcelData -->
        <test-method signature="ReadExcelData(java.lang.String,java.lang.String,java.lang.String)[pri:0, instance:JobsApi.jobs_ApiPut@418e7838]" started-at="2022-03-14T22:42:29 CDT" name="ReadExcelData" data-provider="updatedata" finished-at="2022-03-14T22:42:29 CDT" duration-ms="601" status="PASS">
          <params>
            <param index="0">
              <value>
                <![CDATA[9013.0]]>
              </value>
            </param>
            <param index="1">
              <value>
                <![CDATA[Job Title]]>
              </value>
            </param>
            <param index="2">
              <value>
                <![CDATA[Tester]]>
              </value>
            </param>
          </params>
          <reporter-output>
          </reporter-output>
        </test-method> <!-- ReadExcelData -->
        <test-method signature="ReadExcelData(java.lang.String,java.lang.String,java.lang.String)[pri:0, instance:JobsApi.jobs_ApiPut@418e7838]" started-at="2022-03-14T22:42:29 CDT" name="ReadExcelData" data-provider="updatedata" finished-at="2022-03-14T22:42:29 CDT" duration-ms="238" status="PASS">
          <params>
            <param index="0">
              <value>
                <![CDATA[9014.0]]>
              </value>
            </param>
            <param index="1">
              <value>
                <![CDATA[Job Location]]>
              </value>
            </param>
            <param index="2">
              <value>
                <![CDATA[Nashville, TN]]>
              </value>
            </param>
          </params>
          <reporter-output>
          </reporter-output>
        </test-method> <!-- ReadExcelData -->
      </class> <!-- JobsApi.jobs_ApiPut -->
    </test> <!-- Default test -->
  </suite> <!-- Default suite -->
</testng-results>
