<?xml version="1.0" encoding="UTF-8"?>
<!-- Generated by org.testng.reporters.JUnitXMLReporter -->
<testsuite ignored="0" hostname="LAPTOP-2VB02BGJ" failures="0" tests="3" name="Default test" time="4.756" errors="0" timestamp="2022-03-14T22:42:30 CDT">
  <testcase classname="JobsApi.jobs_ApiPut" name="ReadExcelData" time="3.007"/>
  <testcase classname="JobsApi.jobs_ApiPut" name="ReadExcelData" time="0.601"/>
  <testcase classname="JobsApi.jobs_ApiPut" name="ReadExcelData" time="0.238"/>
</testsuite> <!-- Default test -->
